2025-03-07 14:48:00 | DEBUG | repo=Agency | action=pull
2025-10-22 18:11:00 | INFO | repo=Agency | action=commit
2025-09-06 16:08:00 | DEBUG | repo=Agency | action=edit | files=5
2025-04-13 14:52:00 | WARN | repo=Agency | action=commit
2025-11-12 18:32:00 | INFO | repo=Agency | action=edit | files=3
2025-03-17 20:12:00 | DEBUG | repo=Agency | action=commit
2025-09-23 18:04:00 | INFO | repo=Agency | action=edit | files=2
2025-12-20 08:29:00 | INFO | repo=Agency | action=commit
2025-08-09 12:58:00 | DEBUG | repo=Agency | action=commit
2025-10-16 15:12:00 | WARN | repo=Agency | action=commit
2025-04-12 18:36:00 | WARN | repo=Agency | action=edit | files=2
2025-07-11 16:10:00 | WARN | repo=Agency | action=commit
2025-04-11 18:25:00 | INFO | repo=Agency | action=test | passed=true
2025-05-11 12:06:00 | INFO | repo=Agency | action=edit | files=1
2025-07-27 21:34:00 | WARN | repo=Agency | action=commit
2025-09-21 15:13:00 | DEBUG | repo=Agency | action=test | passed=true
2025-05-13 16:26:00 | DEBUG | repo=Agency | action=commit
2025-04-06 08:36:00 | INFO | repo=Agency | action=commit
2025-07-27 13:47:00 | WARN | repo=Agency | action=commit
2025-07-16 21:28:00 | INFO | repo=Agency | action=commit
2025-04-27 18:10:00 | WARN | repo=Agency | action=commit
2025-05-06 16:16:00 | DEBUG | repo=Agency | action=commit
2025-08-12 09:36:00 | WARN | repo=Agency | action=pull
2025-07-18 17:36:00 | WARN | repo=Agency | action=commit
2025-07-21 08:28:00 | WARN | repo=Agency | action=commit
2025-04-01 20:52:00 | WARN | repo=Agency | action=edit | files=3
2025-07-15 19:51:00 | WARN | repo=Agency | action=commit
2025-11-20 08:06:00 | WARN | repo=Agency | action=commit
2025-10-22 10:39:00 | INFO | repo=Agency | action=pull
2025-03-26 14:49:00 | DEBUG | repo=Agency | action=commit
2025-04-03 18:15:00 | DEBUG | repo=Agency | action=commit
2025-09-04 09:02:00 | INFO | repo=Agency | action=commit
2025-10-08 07:03:00 | DEBUG | repo=Agency | action=edit | files=4
2025-09-18 19:38:00 | INFO | repo=Agency | action=commit
2025-08-07 11:01:00 | WARN | repo=Agency | action=commit
2025-11-05 09:47:00 | WARN | repo=Agency | action=commit
2025-07-21 13:11:00 | INFO | repo=Agency | action=edit | files=1
2025-11-09 18:41:00 | DEBUG | repo=Agency | action=commit
2025-06-05 13:03:00 | DEBUG | repo=Agency | action=commit
2025-12-16 16:15:00 | WARN | repo=Agency | action=commit
2025-06-10 18:59:00 | INFO | repo=Agency | action=commit
2025-06-15 10:13:00 | WARN | repo=Agency | action=commit
2025-01-09 08:18:00 | WARN | repo=Agency | action=commit
2025-06-04 21:00:00 | WARN | repo=Agency | action=commit
2025-04-21 12:17:00 | INFO | repo=Agency | action=commit
2025-06-03 20:37:00 | DEBUG | repo=Agency | action=commit
2025-07-28 19:25:00 | INFO | repo=Agency | action=commit
2025-09-17 08:21:00 | INFO | repo=Agency | action=commit
2025-11-03 16:15:00 | DEBUG | repo=Agency | action=commit
2025-07-10 12:39:00 | WARN | repo=Agency | action=edit | files=2
2025-11-21 15:31:00 | DEBUG | repo=Agency | action=commit
2025-11-08 18:56:00 | WARN | repo=Agency | action=commit
2025-01-21 09:44:00 | DEBUG | repo=Agency | action=test | passed=true
2025-09-05 15:10:00 | INFO | repo=Agency | action=commit
2025-07-06 14:06:00 | DEBUG | repo=Agency | action=edit | files=4
2025-06-20 13:52:00 | DEBUG | repo=Agency | action=pull
2025-06-21 19:09:00 | DEBUG | repo=Agency | action=edit | files=1
2025-07-10 18:39:00 | INFO | repo=Agency | action=commit
2025-05-23 19:15:00 | INFO | repo=Agency | action=edit | files=5
2025-01-04 14:46:00 | INFO | repo=Agency | action=test | passed=true
2025-03-10 14:11:00 | WARN | repo=Agency | action=edit | files=2
2025-08-06 09:50:00 | INFO | repo=Agency | action=test | passed=true
2025-12-25 07:52:00 | INFO | repo=Agency | action=commit
2025-07-02 13:25:00 | WARN | repo=Agency | action=pull
2025-10-10 12:34:00 | WARN | repo=Agency | action=commit
2025-12-12 07:45:00 | INFO | repo=Agency | action=commit
2025-08-08 18:43:00 | DEBUG | repo=Agency | action=commit
2025-06-10 12:31:00 | INFO | repo=Agency | action=commit
2025-08-19 07:24:00 | DEBUG | repo=Agency | action=test | passed=true
2025-08-16 15:19:00 | WARN | repo=Agency | action=commit
2025-11-15 19:05:00 | INFO | repo=Agency | action=commit
2025-02-02 07:27:00 | INFO | repo=Agency | action=edit | files=3
2025-02-06 07:49:00 | WARN | repo=Agency | action=test | passed=true
2025-09-11 14:56:00 | DEBUG | repo=Agency | action=commit
2025-08-20 18:29:00 | DEBUG | repo=Agency | action=commit
2025-07-08 19:21:00 | DEBUG | repo=Agency | action=commit
2025-10-27 12:42:00 | DEBUG | repo=Agency | action=edit | files=5
2025-12-10 18:56:00 | DEBUG | repo=Agency | action=commit
2025-03-24 07:57:00 | DEBUG | repo=Agency | action=test | passed=true
2025-03-06 15:50:00 | WARN | repo=Agency | action=commit
2025-12-02 14:10:00 | DEBUG | repo=Agency | action=pull
2025-06-21 13:10:00 | WARN | repo=Agency | action=commit
2025-12-08 09:32:00 | INFO | repo=Agency | action=commit
2025-05-22 08:39:00 | DEBUG | repo=Agency | action=commit
2025-11-19 15:59:00 | INFO | repo=Agency | action=commit
2025-01-05 18:49:00 | WARN | repo=Agency | action=edit | files=1
2025-02-24 07:11:00 | WARN | repo=Agency | action=commit
2025-12-09 20:50:00 | DEBUG | repo=Agency | action=commit
2025-04-21 08:46:00 | WARN | repo=Agency | action=commit
2025-09-12 18:46:00 | DEBUG | repo=Agency | action=commit
2025-07-20 18:32:00 | DEBUG | repo=Agency | action=commit
2025-09-13 17:57:00 | INFO | repo=Agency | action=commit
2025-07-23 13:51:00 | DEBUG | repo=Agency | action=pull
2025-10-23 17:24:00 | DEBUG | repo=Agency | action=commit
2025-08-27 11:58:00 | WARN | repo=Agency | action=commit
2025-03-04 17:15:00 | INFO | repo=Agency | action=commit
2025-10-07 12:07:00 | WARN | repo=Agency | action=edit | files=5
2025-04-23 18:05:00 | INFO | repo=Agency | action=commit
2025-08-26 07:15:00 | DEBUG | repo=Agency | action=commit
2025-05-03 19:52:00 | DEBUG | repo=Agency | action=pull
2025-06-25 21:25:00 | WARN | repo=Agency | action=commit
2025-03-23 10:05:00 | INFO | repo=Agency | action=commit
2025-07-23 10:37:00 | INFO | repo=Agency | action=commit
2025-07-18 07:29:00 | INFO | repo=Agency | action=commit
2025-03-18 15:02:00 | INFO | repo=Agency | action=commit
2025-05-28 17:05:00 | WARN | repo=Agency | action=test | passed=true
2025-09-03 07:50:00 | INFO | repo=Agency | action=commit
2025-05-20 08:52:00 | INFO | repo=Agency | action=commit
2025-01-07 14:12:00 | DEBUG | repo=Agency | action=commit
2025-12-15 19:16:00 | WARN | repo=Agency | action=commit
2025-01-15 07:23:00 | DEBUG | repo=Agency | action=test | passed=true
2025-06-26 17:52:00 | WARN | repo=Agency | action=commit
2025-04-06 12:45:00 | WARN | repo=Agency | action=pull
2025-07-23 21:30:00 | WARN | repo=Agency | action=commit
2025-05-03 12:11:00 | DEBUG | repo=Agency | action=pull
2025-05-09 20:28:00 | DEBUG | repo=Agency | action=edit | files=3
2025-06-22 13:23:00 | INFO | repo=Agency | action=commit
2025-01-12 18:39:00 | INFO | repo=Agency | action=commit
2025-02-02 08:34:00 | DEBUG | repo=Agency | action=commit
2025-05-28 13:14:00 | DEBUG | repo=Agency | action=commit
2026-11-25 15:04:00 | DEBUG | repo=Agency | action=commit
2026-08-02 14:09:00 | WARN | repo=Agency | action=edit | files=5
2026-01-03 10:45:00 | WARN | repo=Agency | action=commit
2026-07-17 11:19:00 | INFO | repo=Agency | action=commit
2026-06-17 17:06:00 | DEBUG | repo=Agency | action=commit
2026-04-10 19:02:00 | DEBUG | repo=Agency | action=commit
2026-12-03 09:31:00 | DEBUG | repo=Agency | action=commit
2026-10-08 20:53:00 | INFO | repo=Agency | action=commit
2026-03-14 10:29:00 | WARN | repo=Agency | action=commit
2026-06-25 12:51:00 | WARN | repo=Agency | action=edit | files=3
2026-08-27 10:20:00 | WARN | repo=Agency | action=commit
2026-01-15 14:16:00 | INFO | repo=Agency | action=commit
2025-07-20 13:10:00 | DEBUG | repo=Agency | action=commit
2025-12-13 18:15:00 | WARN | repo=Agency | action=commit
2025-05-03 20:14:00 | INFO | repo=Agency | action=edit | files=5
2025-06-15 09:03:00 | WARN | repo=Agency | action=commit
2025-12-23 18:25:00 | WARN | repo=Agency | action=commit
2025-04-12 13:44:00 | DEBUG | repo=Agency | action=commit
2025-11-25 13:36:00 | WARN | repo=Agency | action=commit
2025-05-25 14:06:00 | INFO | repo=Agency | action=commit
2025-04-26 07:21:00 | DEBUG | repo=Agency | action=test | passed=true
2025-01-22 12:12:00 | DEBUG | repo=Agency | action=commit
2025-02-28 17:50:00 | INFO | repo=Agency | action=commit
2025-07-26 14:37:00 | DEBUG | repo=Agency | action=commit
2025-02-05 07:23:00 | INFO | repo=Agency | action=commit
2025-12-25 07:09:00 | WARN | repo=Agency | action=commit
2025-03-05 11:23:00 | DEBUG | repo=Agency | action=test | passed=true
2025-05-27 08:28:00 | DEBUG | repo=Agency | action=commit
2025-02-07 20:36:00 | DEBUG | repo=Agency | action=commit
2025-08-24 19:36:00 | DEBUG | repo=Agency | action=commit
2025-02-03 10:22:00 | INFO | repo=Agency | action=commit
2025-09-07 15:08:00 | INFO | repo=Agency | action=commit
2025-11-27 17:06:00 | WARN | repo=Agency | action=commit
2025-09-09 16:54:00 | DEBUG | repo=Agency | action=commit
2025-03-25 19:11:00 | DEBUG | repo=Agency | action=commit
2025-09-05 10:33:00 | DEBUG | repo=Agency | action=pull
2025-11-11 21:04:00 | INFO | repo=Agency | action=commit
2025-01-12 15:39:00 | INFO | repo=Agency | action=commit
2025-06-16 07:49:00 | DEBUG | repo=Agency | action=commit
2025-10-28 07:30:00 | INFO | repo=Agency | action=commit
2025-07-28 20:46:00 | INFO | repo=Agency | action=commit
2025-12-24 07:23:00 | DEBUG | repo=Agency | action=commit
2025-05-04 08:38:00 | WARN | repo=Agency | action=commit
2025-12-26 12:27:00 | INFO | repo=Agency | action=commit
2025-03-14 19:10:00 | WARN | repo=Agency | action=edit | files=4
2025-07-15 13:56:00 | DEBUG | repo=Agency | action=commit
2025-03-24 08:36:00 | INFO | repo=Agency | action=test | passed=true
2025-01-04 14:18:00 | DEBUG | repo=Agency | action=commit
2025-08-27 20:58:00 | INFO | repo=Agency | action=test | passed=true
2025-04-06 12:58:00 | DEBUG | repo=Agency | action=commit
2025-06-27 07:44:00 | WARN | repo=Agency | action=commit
2025-10-24 08:50:00 | DEBUG | repo=Agency | action=commit
2025-11-08 16:59:00 | DEBUG | repo=Agency | action=test | passed=true
2025-07-06 11:04:00 | DEBUG | repo=Agency | action=commit
2025-10-01 10:57:00 | DEBUG | repo=Agency | action=edit | files=3
2025-09-12 08:34:00 | DEBUG | repo=Agency | action=commit
2025-04-13 13:07:00 | INFO | repo=Agency | action=commit
2025-11-12 11:08:00 | WARN | repo=Agency | action=commit
2025-05-17 11:20:00 | DEBUG | repo=Agency | action=test | passed=true
2025-07-12 16:45:00 | WARN | repo=Agency | action=pull
2025-05-21 11:40:00 | INFO | repo=Agency | action=test | passed=true
2025-11-03 09:54:00 | INFO | repo=Agency | action=commit
2025-02-18 10:57:00 | DEBUG | repo=Agency | action=commit
2025-06-14 19:08:00 | DEBUG | repo=Agency | action=edit | files=4
2025-04-18 10:22:00 | DEBUG | repo=Agency | action=pull
2025-08-03 07:43:00 | DEBUG | repo=Agency | action=commit
2025-01-01 19:04:00 | WARN | repo=Agency | action=test | passed=true
2025-12-11 19:19:00 | DEBUG | repo=Agency | action=commit
2025-05-25 21:02:00 | WARN | repo=Agency | action=pull
2025-11-09 17:49:00 | INFO | repo=Agency | action=commit
2025-09-25 20:31:00 | INFO | repo=Agency | action=pull
2025-05-16 14:02:00 | DEBUG | repo=Agency | action=commit
2025-01-20 15:10:00 | INFO | repo=Agency | action=pull
2025-07-07 21:16:00 | INFO | repo=Agency | action=commit
2025-12-28 14:11:00 | DEBUG | repo=Agency | action=edit | files=4
2025-09-27 08:21:00 | INFO | repo=Agency | action=commit
2025-08-15 16:11:00 | INFO | repo=Agency | action=pull
2025-09-01 18:27:00 | DEBUG | repo=Agency | action=test | passed=true
2025-04-10 15:43:00 | DEBUG | repo=Agency | action=commit
2025-06-11 16:32:00 | DEBUG | repo=Agency | action=pull
2025-11-08 10:44:00 | WARN | repo=Agency | action=commit
2024-06-02 17:03:00 | DEBUG | repo=Agency | action=commit
2025-08-13 17:20:00 | WARN | repo=Agency | action=commit
2025-12-27 07:13:00 | DEBUG | repo=Agency | action=commit
2025-07-18 14:58:00 | INFO | repo=Agency | action=commit
2025-12-24 19:30:00 | INFO | repo=Agency | action=commit
2024-01-12 07:06:00 | WARN | repo=Agency | action=edit | files=4
2024-08-01 19:27:00 | INFO | repo=Agency | action=test | passed=true
2025-06-04 18:48:00 | DEBUG | repo=Agency | action=commit
2025-09-21 18:56:00 | WARN | repo=Agency | action=commit
2024-04-23 07:41:00 | DEBUG | repo=Agency | action=commit
2025-10-03 09:49:00 | INFO | repo=Agency | action=commit
2024-07-20 08:19:00 | WARN | repo=Agency | action=test | passed=true
2025-05-19 08:46:00 | WARN | repo=Agency | action=commit
2024-02-03 20:11:00 | INFO | repo=Agency | action=commit
2024-12-28 21:44:00 | INFO | repo=Agency | action=test | passed=true
2024-01-20 15:16:00 | WARN | repo=Agency | action=pull
2024-09-23 17:49:00 | WARN | repo=Agency | action=commit
2025-04-18 11:56:00 | DEBUG | repo=Agency | action=commit
2024-03-13 09:14:00 | INFO | repo=Agency | action=edit | files=2
2025-09-17 10:15:00 | WARN | repo=Agency | action=commit
2025-06-15 08:09:00 | DEBUG | repo=Agency | action=edit | files=4
2025-03-20 07:13:00 | INFO | repo=Agency | action=commit
2024-05-09 11:44:00 | INFO | repo=Agency | action=commit
2025-03-27 08:36:00 | INFO | repo=Agency | action=commit
2025-07-05 17:16:00 | INFO | repo=Agency | action=commit
2025-03-15 19:20:00 | DEBUG | repo=Agency | action=commit
2025-09-23 11:43:00 | INFO | repo=Agency | action=commit
2025-08-16 20:48:00 | DEBUG | repo=Agency | action=edit | files=1
2024-02-22 18:15:00 | WARN | repo=Agency | action=commit
2024-12-06 17:46:00 | WARN | repo=Agency | action=commit
2024-03-15 10:30:00 | DEBUG | repo=Agency | action=commit
2024-11-23 08:06:00 | INFO | repo=Agency | action=pull
2025-04-14 07:25:00 | WARN | repo=Agency | action=commit
2025-11-12 21:45:00 | INFO | repo=Agency | action=commit
2024-12-08 13:11:00 | WARN | repo=Agency | action=commit
2024-07-25 08:35:00 | DEBUG | repo=Agency | action=commit
2024-02-03 09:17:00 | INFO | repo=Agency | action=commit
2025-09-09 17:40:00 | INFO | repo=Agency | action=pull
2025-04-21 09:44:00 | WARN | repo=Agency | action=commit
2025-09-12 07:08:00 | INFO | repo=Agency | action=commit
2024-06-28 10:05:00 | WARN | repo=Agency | action=edit | files=4
2024-11-26 17:36:00 | DEBUG | repo=Agency | action=pull
2024-05-24 07:38:00 | DEBUG | repo=Agency | action=commit
2025-10-02 18:21:00 | WARN | repo=Agency | action=edit | files=3
2024-07-22 08:05:00 | WARN | repo=Agency | action=commit
2025-05-21 16:32:00 | WARN | repo=Agency | action=edit | files=4
2025-02-26 07:33:00 | INFO | repo=Agency | action=edit | files=1
2025-01-17 12:03:00 | WARN | repo=Agency | action=commit
2024-04-24 21:05:00 | WARN | repo=Agency | action=commit
2025-10-12 07:22:00 | INFO | repo=Agency | action=test | passed=true
2025-10-23 16:33:00 | INFO | repo=Agency | action=commit
2024-06-09 19:40:00 | WARN | repo=Agency | action=pull
2024-07-18 09:40:00 | INFO | repo=Agency | action=edit | files=2
2024-11-01 20:30:00 | DEBUG | repo=Agency | action=pull
2024-05-28 16:22:00 | DEBUG | repo=Agency | action=commit
2025-04-14 19:56:00 | WARN | repo=Agency | action=commit
2024-07-08 14:25:00 | DEBUG | repo=Agency | action=pull
2024-10-03 10:40:00 | WARN | repo=Agency | action=commit
2025-09-22 11:41:00 | INFO | repo=Agency | action=edit | files=4
2025-05-01 08:40:00 | WARN | repo=Agency | action=commit
2025-11-05 14:56:00 | INFO | repo=Agency | action=test | passed=true
2025-03-07 09:12:00 | INFO | repo=Agency | action=commit
2025-09-12 15:21:00 | WARN | repo=Agency | action=test | passed=true
2025-11-20 19:25:00 | WARN | repo=Agency | action=edit | files=2
2025-05-18 20:33:00 | DEBUG | repo=Agency | action=pull
2025-02-28 11:18:00 | INFO | repo=Agency | action=edit | files=4
2025-11-01 17:56:00 | WARN | repo=Agency | action=pull
2025-12-11 08:21:00 | DEBUG | repo=Agency | action=commit
2025-12-20 07:46:00 | DEBUG | repo=Agency | action=pull
2025-12-15 14:24:00 | INFO | repo=Agency | action=commit
2025-03-08 19:23:00 | WARN | repo=Agency | action=commit
2025-05-25 16:05:00 | WARN | repo=Agency | action=edit | files=5
2025-04-09 19:01:00 | WARN | repo=Agency | action=commit
2025-02-11 07:26:00 | WARN | repo=Agency | action=commit
2025-06-10 16:34:00 | WARN | repo=Agency | action=test | passed=true
2025-04-04 12:12:00 | WARN | repo=Agency | action=commit
2025-03-18 15:46:00 | INFO | repo=Agency | action=commit
2025-02-06 10:18:00 | DEBUG | repo=Agency | action=pull
2025-08-13 08:38:00 | WARN | repo=Agency | action=commit
2025-03-06 07:16:00 | WARN | repo=Agency | action=commit
2025-02-07 12:18:00 | WARN | repo=Agency | action=commit
2025-04-01 07:14:00 | DEBUG | repo=Agency | action=edit | files=1
2025-07-20 20:20:00 | INFO | repo=Agency | action=commit
2025-10-05 13:44:00 | WARN | repo=Agency | action=commit
2025-06-18 20:11:00 | WARN | repo=Agency | action=pull
2025-03-22 09:19:00 | DEBUG | repo=Agency | action=commit
2025-02-24 11:23:00 | DEBUG | repo=Agency | action=commit
2025-03-10 11:47:00 | WARN | repo=Agency | action=commit
2025-09-18 16:29:00 | DEBUG | repo=Agency | action=commit
2025-09-22 07:37:00 | DEBUG | repo=Agency | action=commit
2025-03-20 18:45:00 | INFO | repo=Agency | action=commit
2025-08-04 08:34:00 | INFO | repo=Agency | action=commit
2025-11-16 15:01:00 | DEBUG | repo=Agency | action=commit
2025-05-06 08:28:00 | INFO | repo=Agency | action=commit
2025-04-19 18:27:00 | INFO | repo=Agency | action=commit
2025-07-17 08:24:00 | WARN | repo=Agency | action=commit
2025-03-14 13:01:00 | WARN | repo=Agency | action=edit | files=5
2025-10-22 07:44:00 | WARN | repo=Agency | action=commit
2025-03-06 13:41:00 | DEBUG | repo=Agency | action=pull
2025-05-14 13:08:00 | DEBUG | repo=Agency | action=edit | files=3
2025-08-06 12:42:00 | WARN | repo=Agency | action=commit
2025-07-01 19:36:00 | INFO | repo=Agency | action=commit
2025-02-02 20:50:00 | INFO | repo=Agency | action=commit
2025-01-07 09:51:00 | WARN | repo=Agency | action=commit
2025-03-22 21:10:00 | DEBUG | repo=Agency | action=commit
2025-01-19 19:51:00 | INFO | repo=Agency | action=test | passed=true
2025-04-16 16:10:00 | INFO | repo=Agency | action=commit
2025-02-10 18:30:00 | DEBUG | repo=Agency | action=commit
2025-03-14 07:03:00 | WARN | repo=Agency | action=commit
2025-03-26 16:04:00 | WARN | repo=Agency | action=commit
2025-12-01 07:33:00 | DEBUG | repo=Agency | action=commit
2025-01-25 10:15:00 | DEBUG | repo=Agency | action=pull
2025-05-05 19:48:00 | WARN | repo=Agency | action=test | passed=true
2025-11-12 20:39:00 | INFO | repo=Agency | action=commit
2025-10-19 07:34:00 | INFO | repo=Agency | action=commit
2025-09-09 12:43:00 | DEBUG | repo=Agency | action=pull
2025-07-12 20:02:00 | DEBUG | repo=Agency | action=test | passed=true
2025-08-24 08:36:00 | INFO | repo=Agency | action=pull
2025-09-13 21:43:00 | DEBUG | repo=Agency | action=commit
2025-05-06 12:15:00 | DEBUG | repo=Agency | action=edit | files=2
2025-01-28 16:15:00 | INFO | repo=Agency | action=commit
2025-03-18 17:59:00 | DEBUG | repo=Agency | action=test | passed=true
2025-09-26 19:21:00 | WARN | repo=Agency | action=commit
2025-01-09 16:13:00 | DEBUG | repo=Agency | action=commit
2025-11-27 17:10:00 | DEBUG | repo=Agency | action=commit
2025-07-16 08:17:00 | DEBUG | repo=Agency | action=pull
2025-06-08 17:18:00 | INFO | repo=Agency | action=commit
2025-08-10 07:11:00 | DEBUG | repo=Agency | action=pull
2025-09-24 10:09:00 | WARN | repo=Agency | action=commit
2025-04-18 10:52:00 | DEBUG | repo=Agency | action=commit
2025-12-13 11:37:00 | DEBUG | repo=Agency | action=commit
2025-03-18 20:11:00 | DEBUG | repo=Agency | action=commit
2025-01-06 09:53:00 | WARN | repo=Agency | action=commit
2025-10-16 20:40:00 | INFO | repo=Agency | action=pull
2025-06-08 12:46:00 | WARN | repo=Agency | action=commit
2025-06-26 20:27:00 | INFO | repo=Agency | action=commit
2025-08-28 11:42:00 | DEBUG | repo=Agency | action=commit
2025-10-08 20:26:00 | INFO | repo=Agency | action=edit | files=3
2025-07-16 20:28:00 | INFO | repo=Agency | action=pull
2025-06-01 07:58:00 | INFO | repo=Agency | action=pull
2025-10-14 13:40:00 | WARN | repo=Agency | action=test | passed=true
2025-08-17 19:56:00 | INFO | repo=Agency | action=commit
2025-09-28 20:02:00 | INFO | repo=Agency | action=test | passed=true
2025-07-22 07:41:00 | DEBUG | repo=Agency | action=commit
2025-05-10 15:43:00 | INFO | repo=Agency | action=pull
2025-09-17 14:29:00 | DEBUG | repo=Agency | action=commit
2025-01-19 11:15:00 | INFO | repo=Agency | action=commit
2025-03-26 19:04:00 | DEBUG | repo=Agency | action=pull
2025-01-25 11:48:00 | WARN | repo=Agency | action=edit | files=3
2025-11-16 12:27:00 | INFO | repo=Agency | action=test | passed=true
2025-07-19 17:24:00 | WARN | repo=Agency | action=pull
2025-11-15 11:47:00 | DEBUG | repo=Agency | action=commit
2025-06-16 08:02:00 | INFO | repo=Agency | action=commit
2025-02-28 07:07:00 | INFO | repo=Agency | action=commit
2025-03-14 08:03:00 | WARN | repo=Agency | action=commit
2025-09-26 09:57:00 | WARN | repo=Agency | action=commit
2025-09-04 17:47:00 | WARN | repo=Agency | action=commit
2025-07-21 20:28:00 | DEBUG | repo=Agency | action=commit
2025-12-08 16:02:00 | DEBUG | repo=Agency | action=test | passed=true
2025-09-20 17:27:00 | WARN | repo=Agency | action=commit
2025-02-05 09:44:00 | DEBUG | repo=Agency | action=commit
2025-11-24 18:24:00 | DEBUG | repo=Agency | action=test | passed=true
2025-04-05 17:17:00 | DEBUG | repo=Agency | action=commit
2025-10-24 20:28:00 | DEBUG | repo=Agency | action=commit
2025-03-17 10:45:00 | DEBUG | repo=Agency | action=commit
2025-03-01 10:39:00 | WARN | repo=Agency | action=commit
2025-03-10 07:38:00 | DEBUG | repo=Agency | action=commit
2025-12-01 20:07:00 | INFO | repo=Agency | action=commit
2025-07-18 09:19:00 | INFO | repo=Agency | action=commit
2025-12-28 10:52:00 | DEBUG | repo=Agency | action=commit
2025-06-13 11:41:00 | WARN | repo=Agency | action=edit | files=4
2025-10-25 19:11:00 | WARN | repo=Agency | action=commit
2025-11-26 08:46:00 | DEBUG | repo=Agency | action=commit
2025-11-20 16:58:00 | WARN | repo=Agency | action=commit
2025-03-18 18:47:00 | WARN | repo=Agency | action=test | passed=true
2025-12-11 07:48:00 | DEBUG | repo=Agency | action=edit | files=3
2025-09-18 08:15:00 | INFO | repo=Agency | action=commit
2025-05-01 16:39:00 | DEBUG | repo=Agency | action=edit | files=3
2025-02-14 13:38:00 | INFO | repo=Agency | action=commit
2025-07-12 14:33:00 | INFO | repo=Agency | action=commit
2025-01-07 14:19:00 | DEBUG | repo=Agency | action=commit
2025-05-18 17:15:00 | WARN | repo=Agency | action=commit
2025-09-23 09:21:00 | WARN | repo=Agency | action=edit | files=4
2025-02-03 07:38:00 | DEBUG | repo=Agency | action=test | passed=true
2025-04-24 20:19:00 | DEBUG | repo=Agency | action=commit
2025-08-25 18:42:00 | INFO | repo=Agency | action=commit
2025-08-18 21:24:00 | INFO | repo=Agency | action=pull
2025-04-14 18:50:00 | INFO | repo=Agency | action=commit
2025-01-24 21:33:00 | WARN | repo=Agency | action=commit
2025-06-27 12:08:00 | WARN | repo=Agency | action=commit
2025-11-17 15:23:00 | DEBUG | repo=Agency | action=commit
2025-12-10 13:22:00 | WARN | repo=Agency | action=commit
2025-12-19 07:22:00 | DEBUG | repo=Agency | action=test | passed=true
2025-08-24 12:15:00 | DEBUG | repo=Agency | action=commit
2025-01-24 13:41:00 | INFO | repo=Agency | action=commit
2025-03-05 17:26:00 | WARN | repo=Agency | action=commit
2025-05-13 16:19:00 | WARN | repo=Agency | action=edit | files=3
2025-08-16 17:33:00 | WARN | repo=Agency | action=commit
2025-01-02 17:54:00 | WARN | repo=Agency | action=pull
2025-12-24 20:11:00 | WARN | repo=Agency | action=commit
2025-01-22 16:50:00 | WARN | repo=Agency | action=edit | files=5
2025-06-06 13:20:00 | INFO | repo=Agency | action=commit
2025-02-03 10:43:00 | INFO | repo=Agency | action=commit
2025-09-17 13:23:00 | DEBUG | repo=Agency | action=pull
2025-03-22 21:38:00 | INFO | repo=Agency | action=commit
2025-01-21 15:41:00 | INFO | repo=Agency | action=commit
2025-02-25 11:09:00 | DEBUG | repo=Agency | action=commit
2025-07-19 08:30:00 | INFO | repo=Agency | action=commit
2025-03-05 09:01:00 | INFO | repo=Agency | action=commit
2025-12-01 08:39:00 | WARN | repo=Agency | action=commit
2025-01-05 08:16:00 | INFO | repo=Agency | action=commit
2025-09-19 11:22:00 | INFO | repo=Agency | action=commit
2025-10-01 08:05:00 | DEBUG | repo=Agency | action=test | passed=true
2025-07-03 19:00:00 | DEBUG | repo=Agency | action=commit
2025-05-22 17:43:00 | INFO | repo=Agency | action=edit | files=2
2025-03-13 19:26:00 | INFO | repo=Agency | action=commit
2025-09-06 11:33:00 | WARN | repo=Agency | action=commit
2025-12-19 07:57:00 | INFO | repo=Agency | action=commit
2025-04-08 20:37:00 | DEBUG | repo=Agency | action=pull
2025-07-09 07:11:00 | WARN | repo=Agency | action=commit
2025-07-09 08:56:00 | DEBUG | repo=Agency | action=test | passed=true
2025-12-06 13:31:00 | WARN | repo=Agency | action=edit | files=3
2025-01-18T19:25:00 | nonce=11520905579394746707
2025-08-28T15:53:00 | nonce=13811188515408977938
2025-05-12T14:40:00 | nonce=14429037364934085953
2025-12-22T11:55:00 | nonce=13915369415597296257
2025-06-05T13:19:00 | nonce=10580128929971091849
2025-04-18T10:39:00 | nonce=7448247124967641819
2025-02-10T19:43:00 | nonce=6726184978551692457
2025-12-11T11:35:00 | nonce=4209107940279751465
2025-10-13T19:34:00 | nonce=8789532703784770276
2025-10-14T13:07:00 | nonce=9181953868747636414
2025-04-23T13:09:00 | nonce=15082687553338457816
2025-11-13T18:45:00 | nonce=6055406049175940641
2025-09-05T18:12:00 | nonce=8885629804281768189
2025-03-01T11:12:00 | nonce=14542280221828243762
2025-07-29T17:12:00 | nonce=2360863784510151475
2025-10-27T12:06:00 | nonce=12718583362270225917
2025-11-02T16:53:00 | nonce=65844915910702150
2025-12-05T15:08:00 | nonce=15389814576183480334
2024-09-24T10:01:00 | nonce=2283129062271824288
2025-06-17T11:40:00 | nonce=1751979363696058189
2025-01-04T16:56:00 | nonce=7867305170439877511
2025-05-21T16:51:00 | nonce=17620026985112980907
2025-09-04T10:04:00 | nonce=6394954016673535428
2025-05-02T13:46:00 | nonce=14038744494176676205
2025-04-27T16:19:00 | nonce=12226178889540760572
2025-06-18T15:24:00 | nonce=16133082487256357215
2024-01-13T14:22:00 | nonce=7748596190439050338
2024-08-26T16:35:00 | nonce=8153316754492309238
2024-10-01T10:10:00 | nonce=12668808294686921282
2024-01-11T15:10:00 | nonce=8379485698080554216
2024-07-08T17:03:00 | nonce=6933762741948135404
2024-03-28T15:55:00 | nonce=14307624843893511095
2024-04-15T17:58:00 | nonce=4856493557713120655
2024-01-10T19:20:00 | nonce=6213393196786188915
2024-01-22T18:16:00 | nonce=6576577166337050622
2024-03-07T18:09:00 | nonce=15846622701846395310
2024-03-29T16:54:00 | nonce=6912412454228552137
2024-06-07T16:41:00 | nonce=7819183848197705696
2024-07-07T18:37:00 | nonce=13385790317598353565
2024-07-14T11:15:00 | nonce=13981649042573766231
2024-08-02T11:43:00 | nonce=6875768667415806360
2024-08-30T13:12:00 | nonce=186631480671822374
2024-10-22T10:42:00 | nonce=429525181568328323
2024-11-17T10:38:00 | nonce=13885302823738322004
2025-01-20T20:36:00 | nonce=18276610268634689806
2025-02-11T14:42:00 | nonce=9605586063066116227
2025-10-28T19:35:00 | nonce=12091910612145295808
2025-06-25T17:45:00 | nonce=2195250043466503979
2025-03-11T12:41:00 | nonce=8308188570013869684
2025-11-27T17:13:00 | nonce=16109800705655332135
2025-12-24T09:57:00 | nonce=5994964034768554840
2025-10-22T14:02:00 | nonce=270173814014610601
2025-12-20T11:15:00 | nonce=742450928738268388
2025-07-18T16:48:00 | nonce=18088588269026421302
2025-11-06T12:08:00 | nonce=7316178525017524085
2025-04-28T17:40:00 | nonce=7675377144458247569
2025-05-27T19:34:00 | nonce=4942817047227507935
2025-07-26T12:21:00 | nonce=1026843596578503835
2025-03-14T14:29:00 | nonce=16132983519579319193
2025-07-18T09:57:00 | nonce=16013986256550792082
2025-05-24T09:14:00 | nonce=2033923965627608705
2025-05-07T11:21:00 | nonce=17630246126047006097
2025-05-15T13:46:00 | nonce=11443889286286285655
2025-01-02T10:19:00 | nonce=15992680964502563537
2025-10-09T10:28:00 | nonce=2313422710925649552
2025-03-03T14:46:00 | nonce=8710030470280705185
2025-08-08T17:56:00 | nonce=14921622773617214566
2025-10-22T16:19:00 | nonce=4022753857770991858
2025-05-22T11:01:00 | nonce=3623527088654269051
2025-12-06T17:34:00 | nonce=5271600928504238424
2025-06-06T17:47:00 | nonce=14348027779891531504
2025-10-21T18:54:00 | nonce=16430659054394040235
2025-05-20T11:20:00 | nonce=8956567619947858748
2025-06-27T11:45:00 | nonce=15987212146925866430
